1650196190376	geckodriver	INFO	Listening on 127.0.0.1:49881
1650196193422	mozrunner::runner	INFO	Running command: "C:\\Program Files\\Mozilla Firefox\\firefox.exe" "--marionette" "--remote-debugging-port" "49882" "-no-remote" "-profile" "C:\\Users\\user\\AppData\\Local\\Temp\\rust_mozprofilexTNUDG"
1650196194485	Marionette	INFO	Marionette enabled
console.warn: SearchSettings: "get: No settings file exists, new profile?" (new NotFoundError("Could not open the file at C:\\Users\\user\\AppData\\Local\\Temp\\rust_mozprofilexTNUDG\\search.json.mozlz4", (void 0)))
DevTools listening on ws://localhost:49882/devtools/browser/4179474d-c1ce-4f97-a03f-c0995a3e3880
1650196199630	Marionette	INFO	Listening on port 49888
1650196199872	RemoteAgent	WARN	TLS certificate errors will be ignored for this session
1650196202401	Marionette	INFO	Stopped listening on port 49888
1650196204073	geckodriver	INFO	Listening on 127.0.0.1:49930
1650196207121	mozrunner::runner	INFO	Running command: "C:\\Program Files\\Mozilla Firefox\\firefox.exe" "--marionette" "--remote-debugging-port" "49931" "-no-remote" "-profile" "C:\\Users\\user\\AppData\\Local\\Temp\\rust_mozprofileTsauUE"
1650196207861	Marionette	INFO	Marionette enabled
console.warn: SearchSettings: "get: No settings file exists, new profile?" (new NotFoundError("Could not open the file at C:\\Users\\user\\AppData\\Local\\Temp\\rust_mozprofileTsauUE\\search.json.mozlz4", (void 0)))
DevTools listening on ws://localhost:49931/devtools/browser/736f8fb1-31a1-42c8-a22e-c91a76128b80
1650196211635	Marionette	INFO	Listening on port 49937
1650196211968	RemoteAgent	WARN	TLS certificate errors will be ignored for this session
console.warn: LoginRecipes: "getRecipes: falling back to a synchronous message for:" "https://admin-demo.nopcommerce.com"
console.warn: LoginRecipes: "getRecipes: falling back to a synchronous message for:" "https://admin-demo.nopcommerce.com"
JavaScript error: resource://gre/modules/LoginManagerParent.jsm, line 136: TypeError: gRecipeManager is null
1650196220528	Marionette	INFO	Stopped listening on port 49937
1650542268185	geckodriver	INFO	Listening on 127.0.0.1:63282
1650542271274	mozrunner::runner	INFO	Running command: "C:\\Program Files\\Mozilla Firefox\\firefox.exe" "--marionette" "--remote-debugging-port" "63283" "-no-remote" "-profile" "C:\\Users\\user\\AppData\\Local\\Temp\\rust_mozprofilemnYtBp"
1650542272418	Marionette	INFO	Marionette enabled
console.warn: SearchSettings: "get: No settings file exists, new profile?" (new NotFoundError("Could not open the file at C:\\Users\\user\\AppData\\Local\\Temp\\rust_mozprofilemnYtBp\\search.json.mozlz4", (void 0)))
DevTools listening on ws://localhost:63283/devtools/browser/903ca3c7-ea29-4160-ae12-282d329bb96e
1650542276653	Marionette	INFO	Listening on port 63289
1650542276732	RemoteAgent	WARN	TLS certificate errors will be ignored for this session
console.warn: LoginRecipes: "getRecipes: falling back to a synchronous message for:" "https://admin-demo.nopcommerce.com"
console.warn: LoginRecipes: "getRecipes: falling back to a synchronous message for:" "https://admin-demo.nopcommerce.com"
JavaScript error: resource://gre/modules/LoginManagerParent.jsm, line 136: TypeError: gRecipeManager is null
1650542292513	Marionette	WARN	TimedPromise timed out after 500 ms: stacktrace:
TimedPromise/<@chrome://remote/content/marionette/sync.js:235:19
TimedPromise@chrome://remote/content/marionette/sync.js:220:10
interaction.flushEventLoop@chrome://remote/content/marionette/interaction.js:431:10
webdriverClickElement@chrome://remote/content/marionette/interaction.js:179:31
send@https://admin-demo.nopcommerce.com/lib_npm/jquery/jquery.min.js?v=meexYto0mAKr6PjyeE37ROc-We8:2:82613
ajax@https://admin-demo.nopcommerce.com/lib_npm/jquery/jquery.min.js?v=meexYto0mAKr6PjyeE37ROc-We8:2:78223
n.ajax@https://admin-demo.nopcommerce.com/js/CustomerList.Footer.scripts.js?v=xmzoCAzW3rGfXyFMlwN0-pJR2Ow:86:4297
t@https://admin-demo.nopcommerce.com/js/CustomerList.Footer.scripts.js?v=xmzoCAzW3rGfXyFMlwN0-pJR2Ow:92:42174
initOnce@https://admin-demo.nopcommerce.com/js/CustomerList.Footer.scripts.js?v=xmzoCAzW3rGfXyFMlwN0-pJR2Ow:92:42576
init@https://admin-demo.nopcommerce.com/js/CustomerList.Footer.scripts.js?v=xmzoCAzW3rGfXyFMlwN0-pJR2Ow:92:43224
@https://admin-demo.nopcommerce.com/Admin/Customer/List:1375:46
e@https://admin-demo.nopcommerce.com/lib_npm/jquery/jquery.min.js?v=meexYto0mAKr6PjyeE37ROc-We8:2:30005
Deferred/then/l/</t<@https://admin-demo.nopcommerce.com/lib_npm/jquery/jquery.min.js?v=meexYto0mAKr6PjyeE37ROc-We8:2:30307
1650542324034	Marionette	INFO	Stopped listening on port 63289
console.warn: TopSitesFeed: Failed to fetch data from Contile server: NetworkError when attempting to fetch resource.
JavaScript error: chrome://remote/content/marionette/cert.js, line 55: NS_ERROR_NOT_AVAILABLE: Component returned failure code: 0x80040111 (NS_ERROR_NOT_AVAILABLE) [nsICertOverrideService.setDisableAllSecurityChecksAndLetAttackersInterceptMyData]
NotFoundError("Could not open the file at C:\\Users\\user\\AppData\\Local\\Temp\\rust_mozprofilekz5ARx\\search.json.mozlz4", (void 0)))
DevTools listening on ws://localhost:63374/devtools/browser/d06dc0e6-c73d-4aad-950b-d58b59332b75
1650542301119	Marionette	INFO	Listening on port 63380
1650542301290	RemoteAgent	WARN	TLS certificate errors will be ignored for this session
console.warn: LoginRecipes: "getRecipes: falling back to a synchronous message for:" "https://admin-demo.nopcommerce.com"
console.warn: LoginRecipes: "getRecipes: falling back to a synchronous message for:" "https://admin-demo.nopcommerce.com"
JavaScript error: resource://gre/modules/LoginManagerParent.jsm, line 136: TypeError: gRecipeManager is null
1650542306913	Marionette	INFO	Stopped listening on port 63380
[Parent 19120, IPC I/O Parent] WARNING: file /builds/worker/checkouts/gecko/ipc/chromium/src/base/process_util_win.cc:167

###!!! [Parent][PContentParent] Error: Send(msgname=PContent::Msg_DestroyBrowsingContextGroup) Closed channel: cannot send/recv

